2024-07-06 12:36:58,587 - INFO - Processing query: AS204601
2024-07-06 12:36:58,588 - INFO - Retrieving IP ranges for ASN: 204601
2024-07-06 12:36:58,591 - DEBUG - Starting new HTTPS connection (1): bgp.he.net:443
2024-07-06 12:36:59,187 - DEBUG - https://bgp.he.net:443 "GET /AS204601 HTTP/1.1" 200 148483
2024-07-06 12:36:59,806 - INFO - IP ranges retrieved for ASN: 204601
2024-07-06 12:36:59,806 - INFO - Saving output for query: AS204601 in format: csv
2024-07-06 12:36:59,839 - INFO - Processing query: AS397423
2024-07-06 12:36:59,840 - INFO - Retrieving IP ranges for ASN: 397423
2024-07-06 12:36:59,841 - DEBUG - Starting new HTTPS connection (1): bgp.he.net:443
2024-07-06 12:37:00,536 - DEBUG - https://bgp.he.net:443 "GET /AS397423 HTTP/1.1" 200 210336
2024-07-06 12:37:01,441 - INFO - IP ranges retrieved for ASN: 397423
2024-07-06 12:37:01,441 - INFO - Saving output for query: AS397423 in format: csv
2024-07-06 12:37:03,154 - INFO - Processing query: AS33387
2024-07-06 12:37:03,155 - INFO - Retrieving IP ranges for ASN: 33387
2024-07-06 12:37:03,156 - DEBUG - Starting new HTTPS connection (1): bgp.he.net:443
2024-07-06 12:37:03,920 - DEBUG - https://bgp.he.net:443 "GET /AS33387 HTTP/1.1" 200 101271
2024-07-06 12:37:04,412 - INFO - IP ranges retrieved for ASN: 33387
2024-07-06 12:37:04,413 - INFO - Saving output for query: AS33387 in format: csv
2024-07-06 12:37:04,416 - INFO - Processing query: AS13335
2024-07-06 12:37:04,416 - INFO - Retrieving IP ranges for ASN: 13335
2024-07-06 12:37:04,417 - DEBUG - Starting new HTTPS connection (1): bgp.he.net:443
2024-07-06 12:37:05,051 - DEBUG - https://bgp.he.net:443 "GET /AS13335 HTTP/1.1" 200 3156133
2024-07-06 12:37:11,412 - INFO - IP ranges retrieved for ASN: 13335
2024-07-06 12:37:11,418 - INFO - Saving output for query: AS13335 in format: csv
2024-07-06 12:37:11,428 - INFO - Processing query: AS22612
2024-07-06 12:37:11,429 - INFO - Retrieving IP ranges for ASN: 22612
2024-07-06 12:37:11,430 - DEBUG - Starting new HTTPS connection (1): bgp.he.net:443
2024-07-06 12:37:12,005 - DEBUG - https://bgp.he.net:443 "GET /AS22612 HTTP/1.1" 200 225127
2024-07-06 12:37:12,994 - INFO - IP ranges retrieved for ASN: 22612
2024-07-06 12:37:12,994 - INFO - Saving output for query: AS22612 in format: csv
2024-07-06 12:37:13,000 - INFO - Processing query: AS59371
2024-07-06 12:37:13,000 - INFO - Retrieving IP ranges for ASN: 59371
2024-07-06 12:37:13,002 - DEBUG - Starting new HTTPS connection (1): bgp.he.net:443
2024-07-06 12:37:13,608 - DEBUG - https://bgp.he.net:443 "GET /AS59371 HTTP/1.1" 200 137671
2024-07-06 12:37:14,908 - INFO - IP ranges retrieved for ASN: 59371
2024-07-06 12:37:14,908 - INFO - Saving output for query: AS59371 in format: csv
2024-07-06 12:37:14,954 - INFO - Processing query: AS47583
2024-07-06 12:37:14,954 - INFO - Retrieving IP ranges for ASN: 47583
2024-07-06 12:37:14,955 - DEBUG - Starting new HTTPS connection (1): bgp.he.net:443
2024-07-06 12:37:15,574 - DEBUG - https://bgp.he.net:443 "GET /AS47583 HTTP/1.1" 200 461721
2024-07-06 12:37:17,410 - INFO - IP ranges retrieved for ASN: 47583
2024-07-06 12:37:17,411 - INFO - Saving output for query: AS47583 in format: csv
2024-07-06 12:37:17,438 - INFO - Processing query: AS7506
2024-07-06 12:37:17,438 - INFO - Retrieving IP ranges for ASN: 7506
2024-07-06 12:37:17,439 - DEBUG - Starting new HTTPS connection (1): bgp.he.net:443
2024-07-06 12:37:18,052 - DEBUG - https://bgp.he.net:443 "GET /AS7506 HTTP/1.1" 200 103934
2024-07-06 12:37:18,675 - INFO - IP ranges retrieved for ASN: 7506
2024-07-06 12:37:18,676 - INFO - Saving output for query: AS7506 in format: csv
2024-07-06 12:37:18,721 - INFO - Processing query: AS19871
2024-07-06 12:37:18,721 - INFO - Retrieving IP ranges for ASN: 19871
2024-07-06 12:37:18,722 - DEBUG - Starting new HTTPS connection (1): bgp.he.net:443
2024-07-06 12:37:19,328 - DEBUG - https://bgp.he.net:443 "GET /AS19871 HTTP/1.1" 200 236230
2024-07-06 12:37:20,625 - INFO - IP ranges retrieved for ASN: 19871
2024-07-06 12:37:20,626 - INFO - Saving output for query: AS19871 in format: csv
2024-07-06 12:37:20,629 - INFO - Processing query: AS50613
2024-07-06 12:37:20,630 - INFO - Retrieving IP ranges for ASN: 50613
2024-07-06 12:37:20,631 - DEBUG - Starting new HTTPS connection (1): bgp.he.net:443
2024-07-06 12:37:21,545 - DEBUG - https://bgp.he.net:443 "GET /AS50613 HTTP/1.1" 200 80410
2024-07-06 12:37:21,979 - INFO - IP ranges retrieved for ASN: 50613
2024-07-06 12:37:21,980 - INFO - Saving output for query: AS50613 in format: csv
2024-07-06 12:37:21,984 - INFO - Processing query: AS209242
2024-07-06 12:37:21,984 - INFO - Retrieving IP ranges for ASN: 209242
2024-07-06 12:37:21,985 - DEBUG - Starting new HTTPS connection (1): bgp.he.net:443
2024-07-06 12:37:22,545 - DEBUG - https://bgp.he.net:443 "GET /AS209242 HTTP/1.1" 200 236507
2024-07-06 12:37:23,466 - INFO - IP ranges retrieved for ASN: 209242
2024-07-06 12:37:23,467 - INFO - Saving output for query: AS209242 in format: csv
2024-07-06 12:37:23,473 - INFO - Processing query: AS55933
2024-07-06 12:37:23,474 - INFO - Retrieving IP ranges for ASN: 55933
2024-07-06 12:37:23,474 - DEBUG - Starting new HTTPS connection (1): bgp.he.net:443
2024-07-06 12:37:24,079 - DEBUG - https://bgp.he.net:443 "GET /AS55933 HTTP/1.1" 200 280936
2024-07-06 12:37:25,210 - INFO - IP ranges retrieved for ASN: 55933
2024-07-06 12:37:25,211 - INFO - Saving output for query: AS55933 in format: csv
2024-07-06 12:37:25,231 - INFO - Processing query: AS32097
2024-07-06 12:37:25,231 - INFO - Retrieving IP ranges for ASN: 32097
2024-07-06 12:37:25,233 - DEBUG - Starting new HTTPS connection (1): bgp.he.net:443
2024-07-06 12:37:25,852 - DEBUG - https://bgp.he.net:443 "GET /AS32097 HTTP/1.1" 200 219678
2024-07-06 12:37:27,059 - INFO - IP ranges retrieved for ASN: 32097
2024-07-06 12:37:27,060 - INFO - Saving output for query: AS32097 in format: csv
2024-07-06 12:37:27,064 - INFO - Processing query: AS54113
2024-07-06 12:37:27,064 - INFO - Retrieving IP ranges for ASN: 54113
2024-07-06 12:37:27,066 - DEBUG - Starting new HTTPS connection (1): bgp.he.net:443
2024-07-06 12:37:27,696 - DEBUG - https://bgp.he.net:443 "GET /AS54113 HTTP/1.1" 200 1085764
2024-07-06 12:37:30,943 - INFO - IP ranges retrieved for ASN: 54113
2024-07-06 12:37:30,944 - INFO - Saving output for query: AS54113 in format: csv
2024-07-06 12:37:30,982 - INFO - Processing query: AS399077
2024-07-06 12:37:30,982 - INFO - Retrieving IP ranges for ASN: 399077
2024-07-06 12:37:30,986 - DEBUG - Starting new HTTPS connection (1): bgp.he.net:443
2024-07-06 12:37:31,611 - DEBUG - https://bgp.he.net:443 "GET /AS399077 HTTP/1.1" 200 389645
2024-07-06 12:37:33,448 - INFO - IP ranges retrieved for ASN: 399077
2024-07-06 12:37:33,448 - INFO - Saving output for query: AS399077 in format: csv
2024-07-06 12:37:33,468 - INFO - Processing query: AS7979
2024-07-06 12:37:33,469 - INFO - Retrieving IP ranges for ASN: 7979
2024-07-06 12:37:33,472 - DEBUG - Starting new HTTPS connection (1): bgp.he.net:443
2024-07-06 12:37:34,076 - DEBUG - https://bgp.he.net:443 "GET /AS7979 HTTP/1.1" 200 696732
2024-07-06 12:37:38,257 - INFO - IP ranges retrieved for ASN: 7979
2024-07-06 12:37:38,258 - INFO - Saving output for query: AS7979 in format: csv
2024-07-06 12:37:38,335 - INFO - Processing query: AS133199
2024-07-06 12:37:38,335 - INFO - Retrieving IP ranges for ASN: 133199
2024-07-06 12:37:38,339 - DEBUG - Starting new HTTPS connection (1): bgp.he.net:443
2024-07-06 12:37:39,253 - DEBUG - https://bgp.he.net:443 "GET /AS133199 HTTP/1.1" 200 187467
2024-07-06 12:37:40,299 - INFO - IP ranges retrieved for ASN: 133199
2024-07-06 12:37:40,300 - INFO - Saving output for query: AS133199 in format: csv
2024-07-06 12:37:40,327 - INFO - Processing query: AS140224
2024-07-06 12:37:40,327 - INFO - Retrieving IP ranges for ASN: 140224
2024-07-06 12:37:40,328 - DEBUG - Starting new HTTPS connection (1): bgp.he.net:443
2024-07-06 12:37:40,959 - DEBUG - https://bgp.he.net:443 "GET /AS140224 HTTP/1.1" 200 322660
2024-07-06 12:37:42,129 - INFO - IP ranges retrieved for ASN: 140224
2024-07-06 12:37:42,130 - INFO - Saving output for query: AS140224 in format: csv
2024-07-06 12:37:42,158 - INFO - Processing query: AS140227
2024-07-06 12:37:42,158 - INFO - Retrieving IP ranges for ASN: 140227
2024-07-06 12:37:42,159 - DEBUG - Starting new HTTPS connection (1): bgp.he.net:443
2024-07-06 12:37:42,743 - DEBUG - https://bgp.he.net:443 "GET /AS140227 HTTP/1.1" 200 195495
2024-07-06 12:37:43,527 - INFO - IP ranges retrieved for ASN: 140227
2024-07-06 12:37:43,528 - INFO - Saving output for query: AS140227 in format: csv
2024-07-06 12:37:43,531 - INFO - Processing query: AS138915
2024-07-06 12:37:43,531 - INFO - Retrieving IP ranges for ASN: 138915
2024-07-06 12:37:43,533 - DEBUG - Starting new HTTPS connection (1): bgp.he.net:443
2024-07-06 12:37:44,129 - DEBUG - https://bgp.he.net:443 "GET /AS138915 HTTP/1.1" 200 578005
2024-07-06 12:37:47,041 - INFO - IP ranges retrieved for ASN: 138915
2024-07-06 12:37:47,136 - INFO - Saving output for query: AS138915 in format: csv
